<?xml version="1.0" encoding="UTF-8"?>
<!-- Generated by org.testng.reporters.JUnitXMLReporter -->
<testsuite ignored="0" hostname="DESKTOP-85AIAV1" failures="0" tests="3" name="Default test" time="7.205" errors="0" timestamp="2024-03-29T09:01:13 IST">
  <testcase classname="com.CRM.TestCases.HomePageTest" name="verifyUrl" time="0.039"/>
  <testcase classname="com.CRM.TestCases.HomePageTest" name="verifyTitle" time="0.044"/>
  <testcase classname="com.CRM.TestCases.HomePageTest" name="verifySignIn" time="0.222"/>
</testsuite> <!-- Default test -->
