<?xml version="1.0" encoding="UTF-8"?>
<!-- Generated by org.testng.reporters.JUnitXMLReporter -->
<testsuite ignored="0" hostname="DESKTOP-85AIAV1" failures="0" tests="3" name="HomePageTest" time="6.085" errors="0" timestamp="2024-04-01T21:36:00 IST">
  <testcase classname="com.CRM.TestCases.HomePageTest" name="verifyUrl" time="0.017"/>
  <testcase classname="com.CRM.TestCases.HomePageTest" name="verifyTitle" time="0.02"/>
  <testcase classname="com.CRM.TestCases.HomePageTest" name="verifySignIn" time="0.366"/>
</testsuite> <!-- HomePageTest -->
