<?xml version="1.0" encoding="UTF-8"?>
<!-- Generated by org.testng.reporters.JUnitXMLReporter -->
<testsuite ignored="0" hostname="DESKTOP-85AIAV1" failures="0" tests="3" name="Test" time="8.789" errors="0" timestamp="2024-03-29T08:33:14 IST">
  <testcase classname="com.CRM.TestCases.HomePageTest" name="verifyUrl" time="0.035"/>
  <testcase classname="com.CRM.TestCases.HomePageTest" name="verifyTitle" time="0.051"/>
  <testcase classname="com.CRM.TestCases.HomePageTest" name="verifySignIn" time="1.098"/>
</testsuite> <!-- Test -->
