<?xml version="1.0" encoding="UTF-8"?>
<!-- Generated by org.testng.reporters.JUnitXMLReporter -->
<testsuite ignored="0" hostname="DESKTOP-85AIAV1" failures="0" tests="3" name="HomePageTest" time="11.677" errors="0" timestamp="2024-03-29T14:37:48 IST">
  <testcase classname="com.CRM.TestCases.HomePageTest" name="verifyUrl" time="0.025"/>
  <testcase classname="com.CRM.TestCases.HomePageTest" name="verifyTitle" time="0.032"/>
  <testcase classname="com.CRM.TestCases.HomePageTest" name="verifySignIn" time="0.223"/>
</testsuite> <!-- HomePageTest -->
