<?xml version="1.0" encoding="UTF-8"?>
<!-- Generated by org.testng.reporters.JUnitXMLReporter -->
<testsuite ignored="0" hostname="DESKTOP-85AIAV1" failures="0" tests="3" name="HomePageTest" time="6.998" errors="0" timestamp="2024-04-01T21:13:12 IST">
  <testcase classname="com.CRM.TestCases.HomePageTest" name="verifyUrl" time="0.014"/>
  <testcase classname="com.CRM.TestCases.HomePageTest" name="verifyTitle" time="0.015"/>
  <testcase classname="com.CRM.TestCases.HomePageTest" name="verifySignIn" time="0.118"/>
</testsuite> <!-- HomePageTest -->
