<?xml version="1.0" encoding="UTF-8"?>
<testsuite xmlns:xsi="http://www.w3.org/2001/XMLSchema-instance" xsi:noNamespaceSchemaLocation="https://maven.apache.org/surefire/maven-surefire-plugin/xsd/surefire-test-report-3.0.xsd" version="3.0" name="TestSuite" time="18.616" tests="4" errors="0" skipped="0" failures="0">
  <properties>
[...]
</properties>
  <testcase name="verifyUrl" classname="com.CRM.TestCases.HomePageTest" time="0.048">
    <system-out><![CDATA[Screenshot captured
Screenshot captured
Url is valid
]]></system-out>
    <system-err><![CDATA[Apr 02, 2024 10:21:38 AM org.openqa.selenium.devtools.CdpVersionFinder findNearestMatch
WARNING: Unable to find an exact match for CDP version 123, returning the closest version; found: 122; Please update to a Selenium version that supports CDP version 123
]]></system-err>
  </testcase>
  <testcase name="verifyTitle" classname="com.CRM.TestCases.HomePageTest" time="0.041">
    <system-out><![CDATA[Title is matched :Customer Service - Login
]]></system-out>
  </testcase>
  <testcase name="verifySignIn" classname="com.CRM.TestCases.HomePageTest" time="0.625">
    <system-out><![CDATA[Screenshot captured
Screenshot captured
Test Pass : login page opened
]]></system-out>
  </testcase>
  <testcase name="verifyLogin" classname="com.CRM.TestCases.LoginPageTest" time="2.082">
    <system-out><![CDATA[Screenshot captured
Screenshot captured
Screenshot captured
]]></system-out>
    <system-err><![CDATA[Apr 02, 2024 10:21:45 AM org.openqa.selenium.devtools.CdpVersionFinder findNearestMatch
WARNING: Unable to find an exact match for CDP version 123, returning the closest version; found: 122; Please update to a Selenium version that supports CDP version 123
]]></system-err>
  </testcase>
</testsuite>