<?xml version="1.0" encoding="UTF-8"?>
<testng-results ignored="0" total="3" passed="3" failed="0" skipped="0">
  <reporter-output>
    <line>
      <![CDATA[Test executing on firefox]]>
    </line>
    <line>
      <![CDATA[Test executing on chrome]]>
    </line>
    <line>
      <![CDATA[Test executing on edge]]>
    </line>
    <line>
      <![CDATA[Driver session established with Server]]>
    </line>
    <line>
      <![CDATA[Driver session established with Server]]>
    </line>
    <line>
      <![CDATA[Driver session established with Server]]>
    </line>
    <line>
      <![CDATA[Test execution for Amazon application]]>
    </line>
    <line>
      <![CDATA[Test execution on chrome completed]]>
    </line>
    <line>
      <![CDATA[Test execution on edge completed]]>
    </line>
    <line>
      <![CDATA[Test execution on firefox completed]]>
    </line>
    <line>
      <![CDATA[Test execution for Amazon application]]>
    </line>
    <line>
      <![CDATA[Test execution for Amazon application]]>
    </line>
    <line>
      <![CDATA[Test execution on chrome completed]]>
    </line>
    <line>
      <![CDATA[Test execution on edge completed]]>
    </line>
    <line>
      <![CDATA[Test execution on firefox completed]]>
    </line>
    <line>
      <![CDATA[Test execution on chrome completed]]>
    </line>
    <line>
      <![CDATA[Test execution on edge completed]]>
    </line>
    <line>
      <![CDATA[Test execution on firefox completed]]>
    </line>
  </reporter-output>
  <suite started-at="2024-04-02T11:37:58 IST" name="Suite" finished-at="2024-04-02T11:39:57 IST" duration-ms="118950">
    <groups>
    </groups>
    <test started-at="2024-04-02T11:37:58 IST" name="Test1" finished-at="2024-04-02T11:39:42 IST" duration-ms="104214">
      <class name="seleniumGrid.CrossBrowserTest">
        <test-method signature="browserTest(java.lang.String)[pri:0, instance:seleniumGrid.CrossBrowserTest@6b2ea799]" started-at="2024-04-02T11:37:58 IST" name="browserTest" finished-at="2024-04-02T11:39:42 IST" duration-ms="103972" status="PASS">
          <params>
            <param index="0">
              <value>
                <![CDATA[Chrome]]>
              </value>
            </param>
          </params>
          <reporter-output>
            <line>
              <![CDATA[Test executing on chrome]]>
            </line>
            <line>
              <![CDATA[Driver session established with Server]]>
            </line>
            <line>
              <![CDATA[Test execution for Amazon application]]>
            </line>
            <line>
              <![CDATA[Test execution on chrome completed]]>
            </line>
            <line>
              <![CDATA[Test execution on edge completed]]>
            </line>
            <line>
              <![CDATA[Test execution on firefox completed]]>
            </line>
          </reporter-output>
        </test-method> <!-- browserTest -->
      </class> <!-- seleniumGrid.CrossBrowserTest -->
    </test> <!-- Test1 -->
    <test started-at="2024-04-02T11:37:58 IST" name="Test2" finished-at="2024-04-02T11:39:53 IST" duration-ms="114817">
      <class name="seleniumGrid.CrossBrowserTest">
        <test-method signature="browserTest(java.lang.String)[pri:0, instance:seleniumGrid.CrossBrowserTest@40005471]" started-at="2024-04-02T11:37:58 IST" name="browserTest" finished-at="2024-04-02T11:39:53 IST" duration-ms="114734" status="PASS">
          <params>
            <param index="0">
              <value>
                <![CDATA[Edge]]>
              </value>
            </param>
          </params>
          <reporter-output>
            <line>
              <![CDATA[Test executing on edge]]>
            </line>
            <line>
              <![CDATA[Driver session established with Server]]>
            </line>
            <line>
              <![CDATA[Test execution for Amazon application]]>
            </line>
            <line>
              <![CDATA[Test execution on chrome completed]]>
            </line>
            <line>
              <![CDATA[Test execution on edge completed]]>
            </line>
            <line>
              <![CDATA[Test execution on firefox completed]]>
            </line>
          </reporter-output>
        </test-method> <!-- browserTest -->
      </class> <!-- seleniumGrid.CrossBrowserTest -->
    </test> <!-- Test2 -->
    <test started-at="2024-04-02T11:37:58 IST" name="Test3" finished-at="2024-04-02T11:39:57 IST" duration-ms="118950">
      <class name="seleniumGrid.CrossBrowserTest">
        <test-method signature="browserTest(java.lang.String)[pri:0, instance:seleniumGrid.CrossBrowserTest@49438269]" started-at="2024-04-02T11:37:58 IST" name="browserTest" finished-at="2024-04-02T11:39:57 IST" duration-ms="118867" status="PASS">
          <params>
            <param index="0">
              <value>
                <![CDATA[Firefox]]>
              </value>
            </param>
          </params>
          <reporter-output>
            <line>
              <![CDATA[Test executing on firefox]]>
            </line>
            <line>
              <![CDATA[Driver session established with Server]]>
            </line>
            <line>
              <![CDATA[Test execution for Amazon application]]>
            </line>
            <line>
              <![CDATA[Test execution on chrome completed]]>
            </line>
            <line>
              <![CDATA[Test execution on edge completed]]>
            </line>
            <line>
              <![CDATA[Test execution on firefox completed]]>
            </line>
          </reporter-output>
        </test-method> <!-- browserTest -->
      </class> <!-- seleniumGrid.CrossBrowserTest -->
    </test> <!-- Test3 -->
  </suite> <!-- Suite -->
</testng-results>
