<?xml version="1.0" encoding="UTF-8"?>
<testng-results ignored="0" total="4" passed="4" failed="0" skipped="0">
  <reporter-output>
  </reporter-output>
  <suite started-at="2024-04-01T21:35:53 IST" name="Suite" finished-at="2024-04-01T21:36:05 IST" duration-ms="11426">
    <groups>
    </groups>
    <test started-at="2024-04-01T21:35:53 IST" name="HomePageTest" finished-at="2024-04-01T21:36:00 IST" duration-ms="6085">
      <class name="com.CRM.TestCases.HomePageTest">
        <test-method is-config="true" signature="setUp()[pri:0, instance:com.CRM.TestCases.HomePageTest@77fbd92c]" started-at="2024-04-01T21:35:54 IST" name="setUp" finished-at="2024-04-01T21:35:58 IST" duration-ms="4331" status="PASS">
          <reporter-output>
          </reporter-output>
        </test-method> <!-- setUp -->
        <test-method is-config="true" signature="pageSetUp()[pri:0, instance:com.CRM.TestCases.HomePageTest@77fbd92c]" started-at="2024-04-01T21:35:58 IST" name="pageSetUp" finished-at="2024-04-01T21:35:59 IST" duration-ms="1279" status="PASS">
          <reporter-output>
          </reporter-output>
        </test-method> <!-- pageSetUp -->
        <test-method signature="verifyUrl()[pri:1, instance:com.CRM.TestCases.HomePageTest@77fbd92c]" started-at="2024-04-01T21:35:59 IST" name="verifyUrl" finished-at="2024-04-01T21:35:59 IST" duration-ms="17" status="PASS">
          <reporter-output>
          </reporter-output>
        </test-method> <!-- verifyUrl -->
        <test-method signature="verifyTitle()[pri:2, instance:com.CRM.TestCases.HomePageTest@77fbd92c]" started-at="2024-04-01T21:35:59 IST" name="verifyTitle" finished-at="2024-04-01T21:35:59 IST" duration-ms="20" status="PASS">
          <reporter-output>
          </reporter-output>
        </test-method> <!-- verifyTitle -->
        <test-method signature="verifySignIn()[pri:3, instance:com.CRM.TestCases.HomePageTest@77fbd92c]" started-at="2024-04-01T21:35:59 IST" name="verifySignIn" finished-at="2024-04-01T21:36:00 IST" duration-ms="366" status="PASS">
          <reporter-output>
          </reporter-output>
        </test-method> <!-- verifySignIn -->
      </class> <!-- com.CRM.TestCases.HomePageTest -->
    </test> <!-- HomePageTest -->
    <test started-at="2024-04-01T21:36:00 IST" name="LoginPageTest" finished-at="2024-04-01T21:36:05 IST" duration-ms="5277">
      <class name="com.CRM.TestCases.LoginPageTest">
        <test-method is-config="true" signature="setUp()[pri:0, instance:com.CRM.TestCases.LoginPageTest@2d3379b4]" started-at="2024-04-01T21:36:00 IST" name="setUp" finished-at="2024-04-01T21:36:03 IST" duration-ms="3300" status="PASS">
          <reporter-output>
          </reporter-output>
        </test-method> <!-- setUp -->
        <test-method is-config="true" signature="pageSetUp()[pri:0, instance:com.CRM.TestCases.LoginPageTest@2d3379b4]" started-at="2024-04-01T21:36:03 IST" name="pageSetUp" finished-at="2024-04-01T21:36:04 IST" duration-ms="1205" status="PASS">
          <reporter-output>
          </reporter-output>
        </test-method> <!-- pageSetUp -->
        <test-method signature="verifyLogin()[pri:0, instance:com.CRM.TestCases.LoginPageTest@2d3379b4]" started-at="2024-04-01T21:36:04 IST" name="verifyLogin" finished-at="2024-04-01T21:36:05 IST" duration-ms="748" status="PASS">
          <reporter-output>
          </reporter-output>
        </test-method> <!-- verifyLogin -->
      </class> <!-- com.CRM.TestCases.LoginPageTest -->
    </test> <!-- LoginPageTest -->
  </suite> <!-- Suite -->
</testng-results>
